<?xml version="1.0" encoding="UTF-8"?>
<testng-results ignored="0" total="1" passed="1" failed="0" skipped="0">
  <reporter-output>
  </reporter-output>
  <suite started-at="2026-08-18T14:55:21 IST" name="Default suite" finished-at="2026-08-18T14:55:29 IST" duration-ms="8116">
    <groups>
    </groups>
    <test started-at="2026-08-18T14:55:21 IST" name="Default test" finished-at="2026-08-18T14:55:29 IST" duration-ms="8116">
      <class name="tests.LoginTest">
        <test-method signature="verifySeleniumWebsite()[pri:0, instance:tests.LoginTest@6f1de4c7]" started-at="2026-08-18T14:55:21 IST" name="verifySeleniumWebsite" finished-at="2026-08-18T14:55:29 IST" duration-ms="8080" status="PASS">
          <reporter-output>
          </reporter-output>
        </test-method> <!-- verifySeleniumWebsite -->
      </class> <!-- tests.LoginTest -->
    </test> <!-- Default test -->
  </suite> <!-- Default suite -->
</testng-results>
